{"label":{"method":"GET","url":"/metrics"},"level":"info","message":"Request received.","timestamp":"2020-02-27T15:03:42.173Z"}
{"label":{"type":"page","target":"metrics"},"level":"info","message":"Fetching metrics","timestamp":"2020-02-27T15:03:42.173Z"}
{"label":{"type":"fetch","target":"logs"},"level":"info","message":"Fetching logs","timestamp":"2020-02-27T15:03:42.173Z"}
{"label":{"type":"page"},"level":"info","message":"Returning metrics.","timestamp":"2020-02-27T15:03:42.174Z"}
{"level":"info","message":"Listening on http://localhost:1234","timestamp":"2020-02-27T15:04:18.974Z"}
{"label":{"method":"GET","url":"/metrics"},"level":"info","message":"Request received.","timestamp":"2020-02-27T15:04:19.754Z"}
{"label":{"type":"page","target":"metrics"},"level":"info","message":"Fetching metrics","timestamp":"2020-02-27T15:04:19.754Z"}
{"label":{"type":"fetch","target":"logs"},"level":"info","message":"Fetching logs","timestamp":"2020-02-27T15:04:19.756Z"}
{"label":{"type":"page"},"level":"info","message":"Returning metrics.","timestamp":"2020-02-27T15:04:19.762Z"}
{"label":{"method":"GET","url":"/metrics"},"level":"info","message":"Request received.","timestamp":"2020-02-27T15:04:21.145Z"}
{"label":{"type":"page","target":"metrics"},"level":"info","message":"Fetching metrics","timestamp":"2020-02-27T15:04:21.145Z"}
{"label":{"type":"fetch","target":"logs"},"level":"info","message":"Fetching logs","timestamp":"2020-02-27T15:04:21.145Z"}
{"label":{"type":"page"},"level":"info","message":"Returning metrics.","timestamp":"2020-02-27T15:04:21.147Z"}
{"label":{"method":"GET","url":"/home"},"level":"info","message":"Request received.","timestamp":"2020-02-27T15:04:24.496Z"}
{"level":"info","message":"Returning homepage.","timestamp":"2020-02-27T15:04:24.496Z"}
{"label":{"method":"GET","url":"/metrics"},"level":"info","message":"Request received.","timestamp":"2020-02-27T15:04:26.295Z"}
{"label":{"type":"page","target":"metrics"},"level":"info","message":"Fetching metrics","timestamp":"2020-02-27T15:04:26.295Z"}
{"label":{"type":"fetch","target":"logs"},"level":"info","message":"Fetching logs","timestamp":"2020-02-27T15:04:26.296Z"}
{"label":{"type":"page"},"level":"info","message":"Returning metrics.","timestamp":"2020-02-27T15:04:26.298Z"}
{"label":{"method":"GET","url":"/home"},"level":"info","message":"Request received.","timestamp":"2020-02-27T15:04:28.073Z"}
{"level":"info","message":"Returning homepage.","timestamp":"2020-02-27T15:04:28.073Z"}
{"label":{"method":"GET","url":"/metrics"},"level":"info","message":"Request received.","timestamp":"2020-02-27T15:04:29.362Z"}
{"label":{"type":"page","target":"metrics"},"level":"info","message":"Fetching metrics","timestamp":"2020-02-27T15:04:29.362Z"}
{"label":{"type":"fetch","target":"logs"},"level":"info","message":"Fetching logs","timestamp":"2020-02-27T15:04:29.362Z"}
{"label":{"type":"page"},"level":"info","message":"Returning metrics.","timestamp":"2020-02-27T15:04:29.365Z"}
{"level":"info","message":"Listening on http://localhost:1234","timestamp":"2020-02-27T15:05:05.805Z"}
{"label":{"method":"GET","url":"/metrics"},"level":"info","message":"Request received.","timestamp":"2020-02-27T15:05:06.576Z"}
{"label":{"type":"page","target":"metrics"},"level":"info","message":"Fetching metrics","timestamp":"2020-02-27T15:05:06.576Z"}
{"label":{"type":"fetch","target":"logs"},"level":"info","message":"Fetching logs","timestamp":"2020-02-27T15:05:06.579Z"}
{"label":{"type":"page"},"level":"info","message":"Returning metrics.","timestamp":"2020-02-27T15:05:06.586Z"}
{"label":{"method":"GET","url":"/metrics"},"level":"info","message":"Request received.","timestamp":"2020-02-27T15:05:07.386Z"}
{"label":{"type":"page","target":"metrics"},"level":"info","message":"Fetching metrics","timestamp":"2020-02-27T15:05:07.387Z"}
{"label":{"type":"fetch","target":"logs"},"level":"info","message":"Fetching logs","timestamp":"2020-02-27T15:05:07.388Z"}
{"label":{"type":"page"},"level":"info","message":"Returning metrics.","timestamp":"2020-02-27T15:05:07.391Z"}
{"label":{"method":"GET","url":"/home"},"level":"info","message":"Request received.","timestamp":"2020-02-27T15:05:09.360Z"}
{"level":"info","message":"Returning homepage.","timestamp":"2020-02-27T15:05:09.361Z"}
{"label":{"method":"GET","url":"/metrics"},"level":"info","message":"Request received.","timestamp":"2020-02-27T15:05:10.422Z"}
{"label":{"type":"page","target":"metrics"},"level":"info","message":"Fetching metrics","timestamp":"2020-02-27T15:05:10.423Z"}
{"label":{"type":"fetch","target":"logs"},"level":"info","message":"Fetching logs","timestamp":"2020-02-27T15:05:10.423Z"}
{"label":{"type":"page"},"level":"info","message":"Returning metrics.","timestamp":"2020-02-27T15:05:10.428Z"}
{"label":{"method":"GET","url":"/metrics"},"level":"info","message":"Request received.","timestamp":"2020-02-27T15:05:11.489Z"}
{"label":{"type":"page","target":"metrics"},"level":"info","message":"Fetching metrics","timestamp":"2020-02-27T15:05:11.489Z"}
{"label":{"type":"fetch","target":"logs"},"level":"info","message":"Fetching logs","timestamp":"2020-02-27T15:05:11.489Z"}
{"label":{"type":"page"},"level":"info","message":"Returning metrics.","timestamp":"2020-02-27T15:05:11.495Z"}
{"label":{"method":"GET","url":"/home"},"level":"info","message":"Request received.","timestamp":"2020-02-27T15:05:12.918Z"}
{"level":"info","message":"Returning homepage.","timestamp":"2020-02-27T15:05:12.918Z"}
{"label":{"method":"GET","url":"/favicon.ico"},"level":"info","message":"Request received.","timestamp":"2020-02-27T15:05:13.427Z"}
{"label":{"method":"GET","url":"/metrics"},"level":"info","message":"Request received.","timestamp":"2020-02-27T15:05:14.119Z"}
{"label":{"type":"page","target":"metrics"},"level":"info","message":"Fetching metrics","timestamp":"2020-02-27T15:05:14.119Z"}
{"label":{"type":"fetch","target":"logs"},"level":"info","message":"Fetching logs","timestamp":"2020-02-27T15:05:14.119Z"}
{"label":{"type":"page"},"level":"info","message":"Returning metrics.","timestamp":"2020-02-27T15:05:14.125Z"}
{"level":"info","message":"Listening on http://localhost:1234","timestamp":"2020-02-27T15:05:43.411Z"}
{"label":{"method":"GET","url":"/metrics"},"level":"info","message":"Request received.","timestamp":"2020-02-27T15:05:44.719Z"}
{"label":{"type":"page","target":"metrics"},"level":"info","message":"Fetching metrics","timestamp":"2020-02-27T15:05:44.719Z"}
{"label":{"type":"fetch","target":"logs"},"level":"info","message":"Fetching logs","timestamp":"2020-02-27T15:05:44.721Z"}
{"label":{"type":"page"},"level":"info","message":"Returning metrics.","timestamp":"2020-02-27T15:05:44.731Z"}
{"level":"info","message":"Listening on http://localhost:1234","timestamp":"2020-02-27T15:06:06.860Z"}
{"label":{"method":"GET","url":"/metrics"},"level":"info","message":"Request received.","timestamp":"2020-02-27T15:06:08.333Z"}
{"label":{"type":"page","target":"metrics"},"level":"info","message":"Fetching metrics","timestamp":"2020-02-27T15:06:08.333Z"}
{"label":{"type":"fetch","target":"logs"},"level":"info","message":"Fetching logs","timestamp":"2020-02-27T15:06:08.335Z"}
{"label":{"type":"page"},"level":"info","message":"Returning metrics.","timestamp":"2020-02-27T15:06:08.349Z"}
{"level":"info","message":"Listening on http://localhost:1234","timestamp":"2020-02-27T15:06:38.026Z"}
{"label":{"method":"GET","url":"/metrics"},"level":"info","message":"Request received.","timestamp":"2020-02-27T15:06:38.971Z"}
{"label":{"type":"page","target":"metrics"},"level":"info","message":"Fetching metrics","timestamp":"2020-02-27T15:06:38.972Z"}
{"label":{"type":"fetch","target":"logs"},"level":"info","message":"Fetching logs","timestamp":"2020-02-27T15:06:38.974Z"}
{"label":{"type":"page"},"level":"info","message":"Returning metrics.","timestamp":"2020-02-27T15:06:38.989Z"}
{"label":{"method":"GET","url":"/metrics"},"level":"info","message":"Request received.","timestamp":"2020-02-27T15:06:39.865Z"}
{"label":{"type":"page","target":"metrics"},"level":"info","message":"Fetching metrics","timestamp":"2020-02-27T15:06:39.865Z"}
{"label":{"type":"fetch","target":"logs"},"level":"info","message":"Fetching logs","timestamp":"2020-02-27T15:06:39.866Z"}
{"label":{"type":"page"},"level":"info","message":"Returning metrics.","timestamp":"2020-02-27T15:06:39.879Z"}
{"label":{"method":"GET","url":"/home"},"level":"info","message":"Request received.","timestamp":"2020-02-27T15:06:41.220Z"}
{"level":"info","message":"Returning homepage.","timestamp":"2020-02-27T15:06:41.221Z"}
{"label":{"method":"GET","url":"/metrics"},"level":"info","message":"Request received.","timestamp":"2020-02-27T15:06:42.173Z"}
{"label":{"type":"page","target":"metrics"},"level":"info","message":"Fetching metrics","timestamp":"2020-02-27T15:06:42.173Z"}
{"label":{"type":"fetch","target":"logs"},"level":"info","message":"Fetching logs","timestamp":"2020-02-27T15:06:42.173Z"}
{"label":{"type":"page"},"level":"info","message":"Returning metrics.","timestamp":"2020-02-27T15:06:42.182Z"}
{"level":"info","message":"Listening on http://localhost:1234","timestamp":"2020-02-27T15:07:17.653Z"}
{"label":{"method":"GET","url":"/metrics"},"level":"info","message":"Request received.","timestamp":"2020-02-27T15:07:19.149Z"}
{"label":{"type":"page","target":"metrics"},"level":"info","message":"Fetching metrics","timestamp":"2020-02-27T15:07:19.149Z"}
{"label":{"type":"fetch","target":"logs"},"level":"info","message":"Fetching logs","timestamp":"2020-02-27T15:07:19.152Z"}
{"label":{"type":"page"},"level":"info","message":"Returning metrics.","timestamp":"2020-02-27T15:07:19.168Z"}
{"label":{"method":"GET","url":"/metrics"},"level":"info","message":"Request received.","timestamp":"2020-02-27T15:07:20.041Z"}
{"label":{"type":"page","target":"metrics"},"level":"info","message":"Fetching metrics","timestamp":"2020-02-27T15:07:20.041Z"}
{"label":{"type":"fetch","target":"logs"},"level":"info","message":"Fetching logs","timestamp":"2020-02-27T15:07:20.041Z"}
{"label":{"type":"page"},"level":"info","message":"Returning metrics.","timestamp":"2020-02-27T15:07:20.057Z"}
{"label":{"method":"GET","url":"/home"},"level":"info","message":"Request received.","timestamp":"2020-02-27T15:07:23.303Z"}
{"level":"info","message":"Returning homepage.","timestamp":"2020-02-27T15:07:23.303Z"}
{"label":{"method":"GET","url":"/metrics"},"level":"info","message":"Request received.","timestamp":"2020-02-27T15:07:24.257Z"}
{"label":{"type":"page","target":"metrics"},"level":"info","message":"Fetching metrics","timestamp":"2020-02-27T15:07:24.257Z"}
{"label":{"type":"fetch","target":"logs"},"level":"info","message":"Fetching logs","timestamp":"2020-02-27T15:07:24.257Z"}
{"label":{"type":"page"},"level":"info","message":"Returning metrics.","timestamp":"2020-02-27T15:07:24.267Z"}
{"label":{"method":"GET","url":"/?title=Ocean%27s%20Eleven"},"level":"info","message":"Request received.","timestamp":"2020-02-27T15:11:25.378Z"}
{"label":{"method":"GET","url":"/file/OceansEleven-1582816286042.pdf"},"level":"info","message":"Request received.","timestamp":"2020-02-27T15:11:27.102Z"}
{"label":{"method":"GET","url":"/?title="},"level":"info","message":"Request received.","timestamp":"2020-02-27T15:11:47.464Z"}
{"label":{"method":"GET","url":"/home"},"level":"info","message":"Request received.","timestamp":"2020-02-27T15:11:50.929Z"}
{"level":"info","message":"Returning homepage.","timestamp":"2020-02-27T15:11:50.929Z"}
{"label":{"method":"GET","url":"/?title=Titanic"},"level":"info","message":"Request received.","timestamp":"2020-02-27T15:17:56.103Z"}
{"label":{"method":"GET","url":"/file/Titanic-1582816676650.pdf"},"level":"info","message":"Request received.","timestamp":"2020-02-27T15:17:57.599Z"}
{"label":{"method":"GET","url":"/metrics"},"level":"info","message":"Request received.","timestamp":"2020-02-27T15:19:03.072Z"}
{"label":{"type":"page","target":"metrics"},"level":"info","message":"Fetching metrics","timestamp":"2020-02-27T15:19:03.072Z"}
{"label":{"type":"fetch","target":"logs"},"level":"info","message":"Fetching logs","timestamp":"2020-02-27T15:19:03.073Z"}
{"label":{"type":"page"},"level":"info","message":"Returning metrics.","timestamp":"2020-02-27T15:19:03.087Z"}
{"label":{"method":"GET","url":"/metrics"},"level":"info","message":"Request received.","timestamp":"2020-02-27T15:20:00.292Z"}
{"label":{"type":"page","target":"metrics"},"level":"info","message":"Fetching metrics","timestamp":"2020-02-27T15:20:00.292Z"}
{"label":{"type":"fetch","target":"logs"},"level":"info","message":"Fetching logs","timestamp":"2020-02-27T15:20:00.292Z"}
{"label":{"type":"page"},"level":"info","message":"Returning metrics.","timestamp":"2020-02-27T15:20:00.310Z"}
{"label":{"method":"GET","url":"/?title=Ocean%27s%20Eleven"},"level":"info","message":"Request received.","timestamp":"2020-02-27T15:20:20.865Z"}
{"label":{"method":"GET","url":"/file/OceansEleven-1582816821381.pdf"},"level":"info","message":"Request received.","timestamp":"2020-02-27T15:20:22.440Z"}
{"label":{"method":"GET","url":"/home"},"level":"info","message":"Request received.","timestamp":"2020-02-27T15:22:53.874Z"}
{"level":"info","message":"Returning homepage.","timestamp":"2020-02-27T15:22:53.875Z"}
{"label":{"method":"GET","url":"/?title=porn"},"level":"info","message":"Request received.","timestamp":"2020-02-27T15:23:09.274Z"}
{"label":{"method":"GET","url":"/file/porn-1582816990154.pdf"},"level":"info","message":"Request received.","timestamp":"2020-02-27T15:23:11.174Z"}
{"label":{"method":"GET","url":"/?title=Naruto"},"level":"info","message":"Request received.","timestamp":"2020-02-27T15:23:29.232Z"}
{"label":{"method":"GET","url":"/file/Naruto-1582817010297.pdf"},"level":"info","message":"Request received.","timestamp":"2020-02-27T15:23:32.162Z"}
{"label":{"method":"GET","url":"/home"},"level":"info","message":"Request received.","timestamp":"2020-02-27T15:23:50.205Z"}
{"level":"info","message":"Returning homepage.","timestamp":"2020-02-27T15:23:50.206Z"}
{"label":{"method":"GET","url":"/sourcemaps/inpage.js.map"},"level":"info","message":"Request received.","timestamp":"2020-02-27T15:23:50.259Z"}
{"label":{"method":"GET","url":"/?title=Titanic"},"level":"info","message":"Request received.","timestamp":"2020-02-27T15:24:13.650Z"}
{"label":{"method":"GET","url":"/file/Titanic-1582817054212.pdf"},"level":"info","message":"Request received.","timestamp":"2020-02-27T15:24:15.272Z"}
{"label":{"method":"GET","url":"/?title=ninja%20assassin"},"level":"info","message":"Request received.","timestamp":"2020-02-27T15:24:36.140Z"}
{"label":{"method":"GET","url":"/file/ninjaassassin-1582817077107.pdf"},"level":"info","message":"Request received.","timestamp":"2020-02-27T15:24:38.160Z"}
{"label":{"method":"GET","url":"/?title=saw"},"level":"info","message":"Request received.","timestamp":"2020-02-27T15:24:49.659Z"}
{"label":{"method":"GET","url":"/file/saw-1582817090615.pdf"},"level":"info","message":"Request received.","timestamp":"2020-02-27T15:24:51.694Z"}
{"label":{"method":"GET","url":"/?title=saw%202"},"level":"info","message":"Request received.","timestamp":"2020-02-27T15:24:59.296Z"}
{"label":{"method":"GET","url":"/?title=saw%203"},"level":"info","message":"Request received.","timestamp":"2020-02-27T15:25:03.912Z"}
{"label":{"method":"GET","url":"/?title=saw%20III"},"level":"info","message":"Request received.","timestamp":"2020-02-27T15:25:07.255Z"}
{"label":{"method":"GET","url":"/file/sawIII-1582817108234.pdf"},"level":"info","message":"Request received.","timestamp":"2020-02-27T15:25:09.328Z"}
{"label":{"method":"GET","url":"/?title=Star%20Wars"},"level":"info","message":"Request received.","timestamp":"2020-02-27T15:25:20.736Z"}
{"label":{"method":"GET","url":"/file/StarWars-1582817121752.pdf"},"level":"info","message":"Request received.","timestamp":"2020-02-27T15:25:22.782Z"}
{"label":{"method":"GET","url":"/?title=Star%20Wars%20I"},"level":"info","message":"Request received.","timestamp":"2020-02-27T15:25:38.325Z"}
{"label":{"method":"GET","url":"/file/StarWars%20I-1582817139297.pdf"},"level":"info","message":"Request received.","timestamp":"2020-02-27T15:25:40.300Z"}
{"label":{"method":"GET","url":"/?title=Star%20Wars%20phantom"},"level":"info","message":"Request received.","timestamp":"2020-02-27T15:25:45.953Z"}
{"label":{"method":"GET","url":"/?title=API"},"level":"info","message":"Request received.","timestamp":"2020-02-27T15:26:01.597Z"}
{"label":{"method":"GET","url":"/file/API-1582817162809.pdf"},"level":"info","message":"Request received.","timestamp":"2020-02-27T15:26:04.039Z"}
{"label":{"method":"GET","url":"/?title=kimetsu%20no%20yaiba"},"level":"info","message":"Request received.","timestamp":"2020-02-27T15:26:28.800Z"}
{"label":{"method":"GET","url":"/?title=kimetsu%20no%20yaiba"},"level":"info","message":"Request received.","timestamp":"2020-02-27T15:26:42.738Z"}
{"label":{"method":"GET","url":"/?title=kimetsu%20no%20yaiba"},"level":"info","message":"Request received.","timestamp":"2020-02-27T15:26:44.699Z"}
{"label":{"method":"GET","url":"/?title=kimetsu%20no%20yaiba"},"level":"info","message":"Request received.","timestamp":"2020-02-27T15:27:19.599Z"}
{"level":"info","message":"Listening on http://localhost:1234","timestamp":"2020-03-01T13:46:48.751Z"}
{"label":{"method":"GET","url":"/"},"level":"info","message":"Request received.","timestamp":"2020-03-01T13:48:00.158Z"}
{"label":{"method":"GET","url":"/favicon.ico"},"level":"info","message":"Request received.","timestamp":"2020-03-01T13:48:00.546Z"}
{"label":{"method":"GET","url":"/home"},"level":"info","message":"Request received.","timestamp":"2020-03-01T13:48:03.547Z"}
{"level":"info","message":"Returning homepage.","timestamp":"2020-03-01T13:48:03.550Z"}
{"level":"info","message":"Listening on http://localhost:1234","timestamp":"2020-03-01T14:16:14.848Z"}
{"level":"info","message":"Listening on http://localhost:4000","timestamp":"2020-03-01T14:24:55.970Z"}
{"label":{"method":"GET","url":"/"},"level":"info","message":"Request received.","timestamp":"2020-03-01T14:25:00.183Z"}
{"label":{"method":"GET","url":"/favicon.ico"},"level":"info","message":"Request received.","timestamp":"2020-03-01T14:25:00.672Z"}
{"label":{"method":"GET","url":"/home"},"level":"info","message":"Request received.","timestamp":"2020-03-01T14:25:04.777Z"}
{"level":"info","message":"Returning homepage.","timestamp":"2020-03-01T14:25:04.779Z"}
{"label":{"method":"GET","url":"/home"},"level":"info","message":"Request received.","timestamp":"2020-03-01T14:25:10.437Z"}
{"level":"info","message":"Returning homepage.","timestamp":"2020-03-01T14:25:10.437Z"}
{"label":{"method":"GET","url":"/sourcemaps/inpage.js.map"},"level":"info","message":"Request received.","timestamp":"2020-03-01T14:25:10.444Z"}
{"label":{"method":"GET","url":"/home"},"level":"info","message":"Request received.","timestamp":"2020-03-01T14:26:06.429Z"}
{"level":"info","message":"Returning homepage.","timestamp":"2020-03-01T14:26:06.429Z"}
{"label":{"method":"GET","url":"/favicon.ico"},"level":"info","message":"Request received.","timestamp":"2020-03-01T14:26:06.857Z"}
{"level":"info","message":"Listening on http://localhost:4000","timestamp":"2020-03-01T14:26:14.666Z"}
{"level":"info","message":"Listening on http://localhost:4000","timestamp":"2020-03-01T14:26:38.024Z"}
{"label":{"method":"GET","url":"/home"},"level":"info","message":"Request received.","timestamp":"2020-03-01T14:26:43.696Z"}
{"level":"info","message":"Returning homepage.","timestamp":"2020-03-01T14:26:43.698Z"}
{"label":{"method":"GET","url":"/favicon.ico"},"level":"info","message":"Request received.","timestamp":"2020-03-01T14:26:44.107Z"}
{"label":{"method":"GET","url":"/home"},"level":"info","message":"Request received.","timestamp":"2020-03-01T14:26:50.337Z"}
{"level":"info","message":"Returning homepage.","timestamp":"2020-03-01T14:26:50.337Z"}
{"label":{"method":"GET","url":"/favicon.ico"},"level":"info","message":"Request received.","timestamp":"2020-03-01T14:26:50.732Z"}
{"label":{"method":"GET","url":"/home"},"level":"info","message":"Request received.","timestamp":"2020-03-01T14:28:13.125Z"}
{"level":"info","message":"Returning homepage.","timestamp":"2020-03-01T14:28:13.126Z"}
{"label":{"method":"GET","url":"/favicon.ico"},"level":"info","message":"Request received.","timestamp":"2020-03-01T14:28:13.586Z"}
{"label":{"method":"GET","url":"/home?title=titanic"},"level":"info","message":"Request received.","timestamp":"2020-03-01T14:28:13.977Z"}
{"label":{"method":"GET","url":"/home"},"level":"info","message":"Request received.","timestamp":"2020-03-01T14:28:34.685Z"}
{"level":"info","message":"Returning homepage.","timestamp":"2020-03-01T14:28:34.685Z"}
{"label":{"method":"GET","url":"/favicon.ico"},"level":"info","message":"Request received.","timestamp":"2020-03-01T14:28:35.165Z"}
{"label":{"method":"GET","url":"/?title=titanic"},"level":"info","message":"Request received.","timestamp":"2020-03-01T14:28:36.407Z"}
{"label":{"method":"GET","url":"/home"},"level":"info","message":"Request received.","timestamp":"2020-03-01T14:29:24.957Z"}
{"level":"info","message":"Returning homepage.","timestamp":"2020-03-01T14:29:24.958Z"}
{"label":{"method":"GET","url":"/favicon.ico"},"level":"info","message":"Request received.","timestamp":"2020-03-01T14:29:25.477Z"}
{"label":{"method":"GET","url":"/?title=titanic"},"level":"info","message":"Request received.","timestamp":"2020-03-01T14:29:26.214Z"}
{"label":{"method":"GET","url":"/file/titanic-1583072966626.pdf"},"level":"info","message":"Request received.","timestamp":"2020-03-01T14:29:27.322Z"}
